<?xml version="1.0" encoding="UTF-8"?>
<testng-results ignored="0" total="2" passed="2" failed="0" skipped="0">
  <reporter-output>
    <line>
      <![CDATA[Browser is opening]]>
    </line>
    <line>
      <![CDATA[SwagLabs application is open]]>
    </line>
    <line>
      <![CDATA[User login process will begin]]>
    </line>
    <line>
      <![CDATA[User login is completed]]>
    </line>
    <line>
      <![CDATA[Inventory page Testing started]]>
    </line>
    <line>
      <![CDATA[Add to cart page testing started!]]>
    </line>
    <line>
      <![CDATA[CheckOut process begin]]>
    </line>
    <line>
      <![CDATA[Process is completed!]]>
    </line>
  </reporter-output>
  <suite started-at="2023-05-04T22:12:11 IST" name="Suite" finished-at="2023-05-04T22:12:51 IST" duration-ms="39752">
    <groups>
    </groups>
    <test started-at="2023-05-04T22:12:11 IST" name="Test" finished-at="2023-05-04T22:12:51 IST" duration-ms="39752">
      <class name="com.SwagLabs.TestCases.OrdersummaryPageTest">
        <test-method is-config="true" signature="browserSetup()[pri:0, instance:com.SwagLabs.TestCases.OrdersummaryPageTest@33bc72d1]" started-at="2023-05-04T22:12:11 IST" name="browserSetup" finished-at="2023-05-04T22:12:15 IST" duration-ms="4215" status="PASS">
          <reporter-output>
            <line>
              <![CDATA[Browser is opening]]>
            </line>
            <line>
              <![CDATA[SwagLabs application is open]]>
            </line>
          </reporter-output>
        </test-method> <!-- browserSetup -->
        <test-method is-config="true" signature="pageSetup()[pri:0, instance:com.SwagLabs.TestCases.OrdersummaryPageTest@33bc72d1]" started-at="2023-05-04T22:12:15 IST" name="pageSetup" finished-at="2023-05-04T22:12:51 IST" duration-ms="35284" status="PASS">
          <reporter-output>
            <line>
              <![CDATA[User login process will begin]]>
            </line>
            <line>
              <![CDATA[User login is completed]]>
            </line>
            <line>
              <![CDATA[Inventory page Testing started]]>
            </line>
            <line>
              <![CDATA[Add to cart page testing started!]]>
            </line>
            <line>
              <![CDATA[CheckOut process begin]]>
            </line>
            <line>
              <![CDATA[Process is completed!]]>
            </line>
          </reporter-output>
        </test-method> <!-- pageSetup -->
        <test-method signature="verifySummary()[pri:1, instance:com.SwagLabs.TestCases.OrdersummaryPageTest@33bc72d1]" started-at="2023-05-04T22:12:51 IST" name="verifySummary" finished-at="2023-05-04T22:12:51 IST" duration-ms="61" status="PASS">
          <reporter-output>
          </reporter-output>
        </test-method> <!-- verifySummary -->
        <test-method signature="verifyOrder()[pri:2, instance:com.SwagLabs.TestCases.OrdersummaryPageTest@33bc72d1]" started-at="2023-05-04T22:12:51 IST" name="verifyOrder" finished-at="2023-05-04T22:12:51 IST" duration-ms="122" status="PASS">
          <reporter-output>
          </reporter-output>
        </test-method> <!-- verifyOrder -->
      </class> <!-- com.SwagLabs.TestCases.OrdersummaryPageTest -->
    </test> <!-- Test -->
  </suite> <!-- Suite -->
</testng-results>
