<?xml version="1.0" encoding="UTF-8"?>
<testng-results ignored="0" total="2" passed="2" failed="0" skipped="0">
  <reporter-output>
    <line>
      <![CDATA[Browser is opening]]>
    </line>
    <line>
      <![CDATA[SwagLabs application is open]]>
    </line>
    <line>
      <![CDATA[User login process will begin]]>
    </line>
    <line>
      <![CDATA[User login is completed]]>
    </line>
    <line>
      <![CDATA[Inventory page Testing started]]>
    </line>
    <line>
      <![CDATA[Add to cart page testing started!]]>
    </line>
    <line>
      <![CDATA[CheckOut process begin]]>
    </line>
    <line>
      <![CDATA[Process is completed!]]>
    </line>
  </reporter-output>
  <suite started-at="2023-05-04T21:24:59 IST" name="Suite" finished-at="2023-05-04T21:25:38 IST" duration-ms="38959">
    <groups>
    </groups>
    <test started-at="2023-05-04T21:24:59 IST" name="Test" finished-at="2023-05-04T21:25:38 IST" duration-ms="38959">
      <class name="com.SwagLabs.TestCases.OrdersummaryPageTest">
        <test-method is-config="true" signature="browserSetup()[pri:0, instance:com.SwagLabs.TestCases.OrdersummaryPageTest@7ae42ce3]" started-at="2023-05-04T21:24:59 IST" name="browserSetup" finished-at="2023-05-04T21:25:03 IST" duration-ms="4395" status="PASS">
          <reporter-output>
            <line>
              <![CDATA[Browser is opening]]>
            </line>
            <line>
              <![CDATA[SwagLabs application is open]]>
            </line>
          </reporter-output>
        </test-method> <!-- browserSetup -->
        <test-method is-config="true" signature="pageSetup()[pri:0, instance:com.SwagLabs.TestCases.OrdersummaryPageTest@7ae42ce3]" started-at="2023-05-04T21:25:03 IST" name="pageSetup" finished-at="2023-05-04T21:25:38 IST" duration-ms="34360" status="PASS">
          <reporter-output>
            <line>
              <![CDATA[User login process will begin]]>
            </line>
            <line>
              <![CDATA[User login is completed]]>
            </line>
            <line>
              <![CDATA[Inventory page Testing started]]>
            </line>
            <line>
              <![CDATA[Add to cart page testing started!]]>
            </line>
            <line>
              <![CDATA[CheckOut process begin]]>
            </line>
            <line>
              <![CDATA[Process is completed!]]>
            </line>
          </reporter-output>
        </test-method> <!-- pageSetup -->
        <test-method signature="verifySummary()[pri:1, instance:com.SwagLabs.TestCases.OrdersummaryPageTest@7ae42ce3]" started-at="2023-05-04T21:25:38 IST" name="verifySummary" finished-at="2023-05-04T21:25:38 IST" duration-ms="48" status="PASS">
          <reporter-output>
          </reporter-output>
        </test-method> <!-- verifySummary -->
        <test-method signature="verifyOrder()[pri:2, instance:com.SwagLabs.TestCases.OrdersummaryPageTest@7ae42ce3]" started-at="2023-05-04T21:25:38 IST" name="verifyOrder" finished-at="2023-05-04T21:25:38 IST" duration-ms="81" status="PASS">
          <reporter-output>
          </reporter-output>
        </test-method> <!-- verifyOrder -->
      </class> <!-- com.SwagLabs.TestCases.OrdersummaryPageTest -->
    </test> <!-- Test -->
  </suite> <!-- Suite -->
</testng-results>
